[debug] [2025-05-02T15:35:42.093Z] ----------------------------------------------------------------------
[debug] [2025-05-02T15:35:42.096Z] Command:       C:\Program Files\nodejs\node.exe C:\Users\chris\AppData\Roaming\npm\node_modules\firebase-tools\lib\bin\firebase.js emulators:start --only functions
[debug] [2025-05-02T15:35:42.097Z] CLI Version:   13.18.0
[debug] [2025-05-02T15:35:42.097Z] Platform:      win32
[debug] [2025-05-02T15:35:42.097Z] Node Version:  v22.12.0
[debug] [2025-05-02T15:35:42.098Z] Time:          Fri May 02 2025 12:35:42 GMT-0300 (Horário Padrão de Brasília)
[debug] [2025-05-02T15:35:42.098Z] ----------------------------------------------------------------------
[debug] 
[debug] [2025-05-02T15:35:42.242Z] > command requires scopes: ["email","openid","https://www.googleapis.com/auth/cloudplatformprojects.readonly","https://www.googleapis.com/auth/firebase","https://www.googleapis.com/auth/cloud-platform"]
[debug] [2025-05-02T15:35:42.242Z] > authorizing via signed-in user (christiannabasbarreto@gmail.com)
[info] i  emulators: Starting emulators: functions {"metadata":{"emulator":{"name":"hub"},"message":"Starting emulators: functions"}}
[debug] [2025-05-02T15:35:42.256Z] [logging] Logging Emulator only supports listening on one address (127.0.0.1). Not listening on ::1
[debug] [2025-05-02T15:35:42.256Z] assigned listening specs for emulators {"user":{"hub":[{"address":"127.0.0.1","family":"IPv4","port":4400},{"address":"::1","family":"IPv6","port":4400}],"ui":[{"address":"127.0.0.1","family":"IPv4","port":4000},{"address":"::1","family":"IPv6","port":4000}],"logging":[{"address":"127.0.0.1","family":"IPv4","port":4500}]},"metadata":{"message":"assigned listening specs for emulators"}}
[debug] [2025-05-02T15:35:42.262Z] [hub] writing locator at C:\Users\chris\AppData\Local\Temp\hub-emailer-fbapp.json
[debug] [2025-05-02T15:35:42.286Z] [functions] Functions Emulator only supports listening on one address (127.0.0.1). Not listening on ::1
[debug] [2025-05-02T15:35:42.287Z] [eventarc] Eventarc Emulator only supports listening on one address (127.0.0.1). Not listening on ::1
[debug] [2025-05-02T15:35:42.287Z] [tasks] Cloud Tasks Emulator only supports listening on one address (127.0.0.1). Not listening on ::1
[debug] [2025-05-02T15:35:42.287Z] late-assigned ports for functions and eventarc emulators {"user":{"hub":[{"address":"127.0.0.1","family":"IPv4","port":4400},{"address":"::1","family":"IPv6","port":4400}],"ui":[{"address":"127.0.0.1","family":"IPv4","port":4000},{"address":"::1","family":"IPv6","port":4000}],"logging":[{"address":"127.0.0.1","family":"IPv4","port":4500}],"functions":[{"address":"127.0.0.1","family":"IPv4","port":5001}],"eventarc":[{"address":"127.0.0.1","family":"IPv4","port":9299}],"tasks":[{"address":"127.0.0.1","family":"IPv4","port":9499}]},"metadata":{"message":"late-assigned ports for functions and eventarc emulators"}}
[warn] !  functions: The following emulators are not running, calls to these services from the Functions emulator will affect production: auth, firestore, database, hosting, pubsub, storage, dataconnect {"metadata":{"emulator":{"name":"functions"},"message":"The following emulators are not running, calls to these services from the Functions emulator will affect production: \u001b[1mauth, firestore, database, hosting, pubsub, storage, dataconnect\u001b[22m"}}
[debug] [2025-05-02T15:35:42.291Z] defaultcredentials: writing to file C:\Users\chris\AppData\Roaming\firebase\christiannabasbarreto_gmail_com_application_default_credentials.json
[debug] [2025-05-02T15:35:42.295Z] Setting GAC to C:\Users\chris\AppData\Roaming\firebase\christiannabasbarreto_gmail_com_application_default_credentials.json {"metadata":{"emulator":{"name":"functions"},"message":"Setting GAC to C:\\Users\\chris\\AppData\\Roaming\\firebase\\christiannabasbarreto_gmail_com_application_default_credentials.json"}}
[debug] [2025-05-02T15:35:42.297Z] >>> [apiv2][query] GET https://firebase.googleapis.com/v1beta1/projects/emailer-fbapp/adminSdkConfig [none]
[debug] [2025-05-02T15:35:42.837Z] <<< [apiv2][status] GET https://firebase.googleapis.com/v1beta1/projects/emailer-fbapp/adminSdkConfig 200
[debug] [2025-05-02T15:35:42.838Z] <<< [apiv2][body] GET https://firebase.googleapis.com/v1beta1/projects/emailer-fbapp/adminSdkConfig {"projectId":"emailer-fbapp","storageBucket":"emailer-fbapp.firebasestorage.app"}
[debug] [2025-05-02T15:35:42.859Z] Ignoring unsupported arg: auto_download {"metadata":{"emulator":{"name":"ui"},"message":"Ignoring unsupported arg: auto_download"}}
[debug] [2025-05-02T15:35:42.859Z] Ignoring unsupported arg: port {"metadata":{"emulator":{"name":"ui"},"message":"Ignoring unsupported arg: port"}}
[debug] [2025-05-02T15:35:42.859Z] Starting Emulator UI with command {"binary":"node","args":["C:\\Users\\chris\\.cache\\firebase\\emulators\\ui-v1.13.0\\server\\server.mjs"],"optionalArgs":[],"joinArgs":false,"shell":false} {"metadata":{"emulator":{"name":"ui"},"message":"Starting Emulator UI with command {\"binary\":\"node\",\"args\":[\"C:\\\\Users\\\\chris\\\\.cache\\\\firebase\\\\emulators\\\\ui-v1.13.0\\\\server\\\\server.mjs\"],\"optionalArgs\":[],\"joinArgs\":false,\"shell\":false}"}}
[info] i  ui: Emulator UI logging to ui-debug.log {"metadata":{"emulator":{"name":"ui"},"message":"Emulator UI logging to \u001b[1mui-debug.log\u001b[22m"}}
[debug] [2025-05-02T15:35:43.029Z] Web / API server started at 127.0.0.1:4000
 {"metadata":{"emulator":{"name":"ui"},"message":"Web / API server started at 127.0.0.1:4000\n"}}
[debug] [2025-05-02T15:35:43.030Z] Web / API server started at ::1:4000
 {"metadata":{"emulator":{"name":"ui"},"message":"Web / API server started at ::1:4000\n"}}
[info] i  functions: Watching "C:\Users\chris\projects\resourses\emailer\functions" for Cloud Functions... {"metadata":{"emulator":{"name":"functions"},"message":"Watching \"C:\\Users\\chris\\projects\\resourses\\emailer\\functions\" for Cloud Functions..."}}
[debug] [2025-05-02T15:35:43.107Z] Validating nodejs source
[warn] !  functions: package.json indicates an outdated version of firebase-functions. Please upgrade using npm install --save firebase-functions@latest in your functions directory. 
[warn] !  functions: Please note that there will be breaking changes when you upgrade. 
[debug] [2025-05-02T15:35:44.012Z] > [functions] package.json contents: {
  "name": "functions",
  "scripts": {
    "build": "tsc",
    "build:watch": "tsc --watch",
    "serve": "npm run build && firebase emulators:start --only functions",
    "shell": "npm run build && firebase functions:shell",
    "start": "npm run shell",
    "deploy": "firebase deploy --only functions",
    "logs": "firebase functions:log"
  },
  "engines": {
    "node": "18"
  },
  "main": "lib/index.js",
  "dependencies": {
    "dayjs": "^1.11.13",
    "firebase-admin": "^12.1.0",
    "firebase-functions": "^5.0.0"
  },
  "devDependencies": {
    "firebase-functions-test": "^3.1.0",
    "typescript": "^4.9.0"
  },
  "private": true
}
[debug] [2025-05-02T15:35:44.012Z] Building nodejs source
[debug] [2025-05-02T15:35:44.013Z] Failed to find version of module node: reached end of search path C:\Users\chris\projects\resourses\emailer\functions\node_modules
[warn] !  functions: Your requested "node" version "18" doesn't match your global version "22". Using node@22 from host. 
[debug] [2025-05-02T15:35:44.015Z] Could not find functions.yaml. Must use http discovery
[debug] [2025-05-02T15:35:44.023Z] Found firebase-functions binary at 'C:\Users\chris\projects\resourses\emailer\functions\node_modules\.bin\firebase-functions'
[debug] [2025-05-02T15:35:44.039Z] [work-queue] {"queuedWork":["/emailer-fbapp/us-central1/emailer-2025-05-02T15:35:44.039Z"],"queueLength":1,"runningWork":[],"workRunningCount":0}
[debug] [2025-05-02T15:35:44.040Z] [work-queue] {"queuedWork":[],"queueLength":0,"runningWork":["/emailer-fbapp/us-central1/emailer-2025-05-02T15:35:44.039Z"],"workRunningCount":1}
[debug] [2025-05-02T15:35:44.042Z] [work-queue] {"queuedWork":[],"queueLength":0,"runningWork":[],"workRunningCount":0}
[info] Serving at port 8877

[info] PRODUCTION false

[debug] [2025-05-02T15:35:44.666Z] Got response from /__/functions.yaml {"endpoints":{"emailer":{"availableMemoryMb":null,"timeoutSeconds":null,"minInstances":null,"maxInstances":null,"ingressSettings":null,"concurrency":null,"serviceAccountEmail":null,"vpc":null,"platform":"gcfv2","labels":{},"httpsTrigger":{},"entryPoint":"emailer"}},"specVersion":"v1alpha1","requiredAPIs":[],"extensions":{}}
[info] +  functions: Loaded functions definitions from source: emailer. {"metadata":{"emulator":{"name":"functions"},"message":"Loaded functions definitions from source: emailer."}}
[info] +  functions[us-central1-emailer]: http function initialized (http://127.0.0.1:5001/emailer-fbapp/us-central1/emailer). {"metadata":{"emulator":{"name":"functions"},"message":"\u001b[1mhttp\u001b[22m function initialized (http://127.0.0.1:5001/emailer-fbapp/us-central1/emailer)."}}
[info] 
┌─────────────────────────────────────────────────────────────┐
│ ✔  All emulators ready! It is now safe to connect your app. │
│ i  View Emulator UI at http://127.0.0.1:4000/               │
└─────────────────────────────────────────────────────────────┘

┌───────────┬────────────────┬─────────────────────────────────┐
│ Emulator  │ Host:Port      │ View in Emulator UI             │
├───────────┼────────────────┼─────────────────────────────────┤
│ Functions │ 127.0.0.1:5001 │ http://127.0.0.1:4000/functions │
└───────────┴────────────────┴─────────────────────────────────┘
  Emulator Hub running at 127.0.0.1:4400
  Other reserved ports: 4500

Issues? Report them at https://github.com/firebase/firebase-tools/issues and attach the *-debug.log files.
 
[debug] [2025-05-02T15:35:53.126Z] [work-queue] {"queuedWork":["/emailer-fbapp/us-central1/emailer-2025-05-02T15:35:53.126Z"],"queueLength":1,"runningWork":[],"workRunningCount":0}
[debug] [2025-05-02T15:35:53.127Z] [work-queue] {"queuedWork":[],"queueLength":0,"runningWork":["/emailer-fbapp/us-central1/emailer-2025-05-02T15:35:53.126Z"],"workRunningCount":1}
[debug] [2025-05-02T15:35:53.127Z] Accepted request GET /emailer-fbapp/us-central1/emailer --> us-central1-emailer
[debug] [2025-05-02T15:35:53.128Z] [functions] Runtime ready! Sending request! {"metadata":{"emulator":{"name":"functions"},"message":"[functions] Runtime ready! Sending request!"}}
[debug] [2025-05-02T15:35:53.129Z] [functions] Got req.url=/emailer-fbapp/us-central1/emailer, mapping to path=/ {"metadata":{"emulator":{"name":"functions"},"message":"[functions] Got req.url=/emailer-fbapp/us-central1/emailer, mapping to path=/"}}
[debug] [2025-05-02T15:35:53.147Z] [worker-pool] addWorker(us-central1-emailer) {"metadata":{"emulator":{"name":"functions"},"message":"[worker-pool] addWorker(us-central1-emailer)"}}
[debug] [2025-05-02T15:35:53.148Z] [worker-pool] Adding worker with key us-central1-emailer, total=1 {"metadata":{"emulator":{"name":"functions"},"message":"[worker-pool] Adding worker with key us-central1-emailer, total=1"}}
[info] >  (node:27472) [DEP0040] DeprecationWarning: The `punycode` module is deprecated. Please use a userland alternative instead. {"user":"(node:27472) [DEP0040] DeprecationWarning: The `punycode` module is deprecated. Please use a userland alternative instead.","metadata":{"emulator":{"name":"functions"},"function":{"name":"us-central1-emailer"},"extension":{},"message":"\u001b[90m> \u001b[39m (node:27472) [DEP0040] DeprecationWarning: The `punycode` module is deprecated. Please use a userland alternative instead."}}
[info] >  (Use `node --trace-deprecation ...` to show where the warning was created) {"user":"(Use `node --trace-deprecation ...` to show where the warning was created)","metadata":{"emulator":{"name":"functions"},"function":{"name":"us-central1-emailer"},"extension":{},"message":"\u001b[90m> \u001b[39m (Use `node --trace-deprecation ...` to show where the warning was created)"}}
[debug] [2025-05-02T15:35:54.521Z] [runtime-status] [27472] Resolved module firebase-admin {"declared":true,"installed":true,"version":"12.7.0","resolution":"C:\\Users\\chris\\projects\\resourses\\emailer\\functions\\node_modules\\firebase-admin\\lib\\index.js"} {"metadata":{"emulator":{"name":"functions"},"function":{"name":"us-central1-emailer"},"extension":{},"message":"[runtime-status] [27472] Resolved module firebase-admin {\"declared\":true,\"installed\":true,\"version\":\"12.7.0\",\"resolution\":\"C:\\\\Users\\\\chris\\\\projects\\\\resourses\\\\emailer\\\\functions\\\\node_modules\\\\firebase-admin\\\\lib\\\\index.js\"}"}}
[debug] [2025-05-02T15:35:54.522Z] [runtime-status] [27472] Resolved module firebase-functions {"declared":true,"installed":true,"version":"5.1.1","resolution":"C:\\Users\\chris\\projects\\resourses\\emailer\\functions\\node_modules\\firebase-functions\\lib\\v1\\index.js"} {"metadata":{"emulator":{"name":"functions"},"function":{"name":"us-central1-emailer"},"extension":{},"message":"[runtime-status] [27472] Resolved module firebase-functions {\"declared\":true,\"installed\":true,\"version\":\"5.1.1\",\"resolution\":\"C:\\\\Users\\\\chris\\\\projects\\\\resourses\\\\emailer\\\\functions\\\\node_modules\\\\firebase-functions\\\\lib\\\\v1\\\\index.js\"}"}}
[debug] [2025-05-02T15:35:54.522Z] [runtime-status] [27472] Outgoing network have been stubbed. [{"name":"http","status":"mocked"},{"name":"http","status":"mocked"},{"name":"https","status":"mocked"},{"name":"https","status":"mocked"},{"name":"net","status":"mocked"}] {"metadata":{"emulator":{"name":"functions"},"function":{"name":"us-central1-emailer"},"extension":{},"message":"[runtime-status] [27472] Outgoing network have been stubbed. [{\"name\":\"http\",\"status\":\"mocked\"},{\"name\":\"http\",\"status\":\"mocked\"},{\"name\":\"https\",\"status\":\"mocked\"},{\"name\":\"https\",\"status\":\"mocked\"},{\"name\":\"net\",\"status\":\"mocked\"}]"}}
[debug] [2025-05-02T15:35:54.523Z] [runtime-status] [27472] Resolved module firebase-functions {"declared":true,"installed":true,"version":"5.1.1","resolution":"C:\\Users\\chris\\projects\\resourses\\emailer\\functions\\node_modules\\firebase-functions\\lib\\v1\\index.js"} {"metadata":{"emulator":{"name":"functions"},"function":{"name":"us-central1-emailer"},"extension":{},"message":"[runtime-status] [27472] Resolved module firebase-functions {\"declared\":true,\"installed\":true,\"version\":\"5.1.1\",\"resolution\":\"C:\\\\Users\\\\chris\\\\projects\\\\resourses\\\\emailer\\\\functions\\\\node_modules\\\\firebase-functions\\\\lib\\\\v1\\\\index.js\"}"}}
[debug] [2025-05-02T15:35:55.080Z] [runtime-status] [27472] Checked functions.config() {"config":{}} {"metadata":{"emulator":{"name":"functions"},"function":{"name":"us-central1-emailer"},"extension":{},"message":"[runtime-status] [27472] Checked functions.config() {\"config\":{}}"}}
[debug] [2025-05-02T15:35:55.080Z] [runtime-status] [27472] firebase-functions has been stubbed. {"functionsResolution":{"declared":true,"installed":true,"version":"5.1.1","resolution":"C:\\Users\\chris\\projects\\resourses\\emailer\\functions\\node_modules\\firebase-functions\\lib\\v1\\index.js"}} {"metadata":{"emulator":{"name":"functions"},"function":{"name":"us-central1-emailer"},"extension":{},"message":"[runtime-status] [27472] firebase-functions has been stubbed. {\"functionsResolution\":{\"declared\":true,\"installed\":true,\"version\":\"5.1.1\",\"resolution\":\"C:\\\\Users\\\\chris\\\\projects\\\\resourses\\\\emailer\\\\functions\\\\node_modules\\\\firebase-functions\\\\lib\\\\v1\\\\index.js\"}}"}}
[debug] [2025-05-02T15:35:55.081Z] [runtime-status] [27472] Resolved module firebase-functions {"declared":true,"installed":true,"version":"5.1.1","resolution":"C:\\Users\\chris\\projects\\resourses\\emailer\\functions\\node_modules\\firebase-functions\\lib\\v1\\index.js"} {"metadata":{"emulator":{"name":"functions"},"function":{"name":"us-central1-emailer"},"extension":{},"message":"[runtime-status] [27472] Resolved module firebase-functions {\"declared\":true,\"installed\":true,\"version\":\"5.1.1\",\"resolution\":\"C:\\\\Users\\\\chris\\\\projects\\\\resourses\\\\emailer\\\\functions\\\\node_modules\\\\firebase-functions\\\\lib\\\\v1\\\\index.js\"}"}}
[debug] [2025-05-02T15:35:55.084Z] [runtime-status] [27472] Resolved module firebase-admin {"declared":true,"installed":true,"version":"12.7.0","resolution":"C:\\Users\\chris\\projects\\resourses\\emailer\\functions\\node_modules\\firebase-admin\\lib\\index.js"} {"metadata":{"emulator":{"name":"functions"},"function":{"name":"us-central1-emailer"},"extension":{},"message":"[runtime-status] [27472] Resolved module firebase-admin {\"declared\":true,\"installed\":true,\"version\":\"12.7.0\",\"resolution\":\"C:\\\\Users\\\\chris\\\\projects\\\\resourses\\\\emailer\\\\functions\\\\node_modules\\\\firebase-admin\\\\lib\\\\index.js\"}"}}
[debug] [2025-05-02T15:35:55.087Z] [runtime-status] [27472] Resolved module firebase-functions {"declared":true,"installed":true,"version":"5.1.1","resolution":"C:\\Users\\chris\\projects\\resourses\\emailer\\functions\\node_modules\\firebase-functions\\lib\\v1\\index.js"} {"metadata":{"emulator":{"name":"functions"},"function":{"name":"us-central1-emailer"},"extension":{},"message":"[runtime-status] [27472] Resolved module firebase-functions {\"declared\":true,\"installed\":true,\"version\":\"5.1.1\",\"resolution\":\"C:\\\\Users\\\\chris\\\\projects\\\\resourses\\\\emailer\\\\functions\\\\node_modules\\\\firebase-functions\\\\lib\\\\v1\\\\index.js\"}"}}
[debug] [2025-05-02T15:35:55.088Z] [runtime-status] [27472] firebase-admin has been stubbed. {"adminResolution":{"declared":true,"installed":true,"version":"12.7.0","resolution":"C:\\Users\\chris\\projects\\resourses\\emailer\\functions\\node_modules\\firebase-admin\\lib\\index.js"}} {"metadata":{"emulator":{"name":"functions"},"function":{"name":"us-central1-emailer"},"extension":{},"message":"[runtime-status] [27472] firebase-admin has been stubbed. {\"adminResolution\":{\"declared\":true,\"installed\":true,\"version\":\"12.7.0\",\"resolution\":\"C:\\\\Users\\\\chris\\\\projects\\\\resourses\\\\emailer\\\\functions\\\\node_modules\\\\firebase-admin\\\\lib\\\\index.js\"}}"}}
[info] >  PRODUCTION false {"user":"PRODUCTION false","metadata":{"emulator":{"name":"functions"},"function":{"name":"us-central1-emailer"},"extension":{},"message":"\u001b[90m> \u001b[39m PRODUCTION false"}}
[debug] [2025-05-02T15:35:55.201Z] [runtime-status] [27472] Functions runtime initialized. {"cwd":"C:\\Users\\chris\\projects\\resourses\\emailer\\functions","node_version":"22.12.0"} {"metadata":{"emulator":{"name":"functions"},"function":{"name":"us-central1-emailer"},"extension":{},"message":"[runtime-status] [27472] Functions runtime initialized. {\"cwd\":\"C:\\\\Users\\\\chris\\\\projects\\\\resourses\\\\emailer\\\\functions\",\"node_version\":\"22.12.0\"}"}}
[debug] [2025-05-02T15:35:55.202Z] [runtime-status] [27472] Listening to port: \\?\pipe\fire_emu_7e046a75ea50e33c {"metadata":{"emulator":{"name":"functions"},"function":{"name":"us-central1-emailer"},"extension":{},"message":"[runtime-status] [27472] Listening to port: \\\\?\\pipe\\fire_emu_7e046a75ea50e33c"}}
[debug] [2025-05-02T15:35:55.287Z] [worker-us-central1-emailer-2f4f119b-6636-438f-9636-e0246fae83c6]: IDLE {"metadata":{"emulator":{"name":"functions"},"function":{"name":"us-central1-emailer"},"extension":{},"message":"[worker-us-central1-emailer-2f4f119b-6636-438f-9636-e0246fae83c6]: IDLE"}}
[debug] [2025-05-02T15:35:55.287Z] [worker-pool] submitRequest(triggerId=us-central1-emailer) {"metadata":{"emulator":{"name":"functions"},"message":"[worker-pool] submitRequest(triggerId=us-central1-emailer)"}}
[info] i  functions: Beginning execution of "us-central1-emailer" {"metadata":{"emulator":{"name":"functions"},"function":{"name":"us-central1-emailer"},"extension":{},"message":"Beginning execution of \"us-central1-emailer\""}}
[debug] [2025-05-02T15:35:55.288Z] [worker-us-central1-emailer-2f4f119b-6636-438f-9636-e0246fae83c6]: BUSY {"metadata":{"emulator":{"name":"functions"},"function":{"name":"us-central1-emailer"},"extension":{},"message":"[worker-us-central1-emailer-2f4f119b-6636-438f-9636-e0246fae83c6]: BUSY"}}
[debug] [2025-05-02T15:35:55.295Z] Finishing up request with event=pause {"metadata":{"emulator":{"name":"functions"},"function":{"name":"us-central1-emailer"},"extension":{},"message":"Finishing up request with event=pause"}}
[info] i  functions: Finished "us-central1-emailer" in 7.5232ms {"metadata":{"emulator":{"name":"functions"},"function":{"name":"us-central1-emailer"},"extension":{},"message":"Finished \"us-central1-emailer\" in 7.5232ms"}}
[debug] [2025-05-02T15:35:55.296Z] [worker-us-central1-emailer-2f4f119b-6636-438f-9636-e0246fae83c6]: IDLE {"metadata":{"emulator":{"name":"functions"},"function":{"name":"us-central1-emailer"},"extension":{},"message":"[worker-us-central1-emailer-2f4f119b-6636-438f-9636-e0246fae83c6]: IDLE"}}
[debug] [2025-05-02T15:35:55.296Z] Finishing up request with event=finish {"metadata":{"emulator":{"name":"functions"},"function":{"name":"us-central1-emailer"},"extension":{},"message":"Finishing up request with event=finish"}}
[debug] [2025-05-02T15:35:55.297Z] Finishing up request with event=close {"metadata":{"emulator":{"name":"functions"},"function":{"name":"us-central1-emailer"},"extension":{},"message":"Finishing up request with event=close"}}
[debug] [2025-05-02T15:35:55.297Z] [work-queue] {"queuedWork":[],"queueLength":0,"runningWork":[],"workRunningCount":0}
